<?xml version="1.0" encoding="UTF-8"?>
<!-- Generated by org.testng.reporters.JUnitReportReporter -->
<testsuite skipped="0" hostname="Abubakar" name="framework.Excel" tests="1" failures="0" timestamp="01 Apr 2019 16:14:50 GMT" time="0.662" errors="0">
  <testcase name="excelData" time="0.662" classname="framework.Excel"/>
</testsuite> <!-- framework.Excel -->
